<?xml version="1.0" encoding="UTF-8"?>
<!-- Generated by org.testng.reporters.JUnitXMLReporter -->
<testsuite ignored="0" hostname="aspire1763" failures="2" tests="16" name="CommitteeTestscripts" time="5378.176" errors="0" timestamp="2024-10-15T13:04:42 IST">
  <testcase classname="CommitteeTestscripts.CommitteeTestscripts" name="B2B1000_TC01" time="342.764"/>
  <testcase classname="CommitteeTestscripts.CommitteeTestscripts" name="B2B1000_TC02" time="318.246"/>
  <testcase classname="CommitteeTestscripts.CommitteeTestscripts" name="B2B1000_TC03" time="294.414"/>
  <testcase classname="CommitteeTestscripts.CommitteeTestscripts" name="B2B1000_TC04" time="241.246"/>
  <testcase classname="CommitteeTestscripts.CommitteeTestscripts" name="B2B1002_TC01" time="296.709"/>
  <testcase classname="CommitteeTestscripts.CommitteeTestscripts" name="B2B1002_TC02" time="336.028"/>
  <testcase classname="CommitteeTestscripts.CommitteeTestscripts" name="B2B1002_TC03" time="300.612"/>
  <testcase classname="CommitteeTestscripts.CommitteeTestscripts" name="B2B1002_TC04" time="313.567"/>
  <testcase classname="CommitteeTestscripts.CommitteeTestscripts" name="B2B1054_TC01" time="332.135"/>
  <testcase classname="CommitteeTestscripts.CommitteeTestscripts" name="B2B1054_TC02" time="343.704"/>
  <testcase classname="CommitteeTestscripts.CommitteeTestscripts" name="B2B1054_TC03" time="356.974"/>
  <testcase classname="CommitteeTestscripts.CommitteeTestscripts" name="B2B1054_TC04" time="309.735"/>
  <testcase classname="CommitteeTestscripts.CommitteeTestscripts" name="B2B1095_TC01" time="289.332"/>
  <testcase classname="CommitteeTestscripts.CommitteeTestscripts" name="B2B1104_TC01" time="491.974">
    <failure type="java.lang.AssertionError" message="Test Failed. Check the steps above in red color.">
      <![CDATA[java.lang.AssertionError: Test Failed. Check the steps above in red color.
at org.testng.Assert.fail(Assert.java:111)
at ICar.support.Log.fail(Log.java:573)
at ICar.support.Log.testCaseResult(Log.java:299)
at CommitteeTestscripts.CommitteeTestscripts.B2B1104_TC01(CommitteeTestscripts.java:1544)
at java.base/jdk.internal.reflect.NativeMethodAccessorImpl.invoke0(Native Method)
at java.base/jdk.internal.reflect.NativeMethodAccessorImpl.invoke(NativeMethodAccessorImpl.java:78)
at java.base/jdk.internal.reflect.DelegatingMethodAccessorImpl.invoke(DelegatingMethodAccessorImpl.java:43)
at java.base/java.lang.reflect.Method.invoke(Method.java:567)
at org.testng.internal.invokers.MethodInvocationHelper.invokeMethod(MethodInvocationHelper.java:139)
at org.testng.internal.invokers.TestInvoker.invokeMethod(TestInvoker.java:664)
at org.testng.internal.invokers.TestInvoker.invokeTestMethod(TestInvoker.java:227)
at org.testng.internal.invokers.TestMethodWithDataProviderMethodWorker.call(TestMethodWithDataProviderMethodWorker.java:80)
at org.testng.internal.invokers.TestMethodWithDataProviderMethodWorker.call(TestMethodWithDataProviderMethodWorker.java:17)
at java.base/java.util.concurrent.FutureTask.run(FutureTask.java:264)
at java.base/java.util.concurrent.Executors$RunnableAdapter.call(Executors.java:515)
at java.base/java.util.concurrent.FutureTask.run(FutureTask.java:264)
at java.base/java.util.concurrent.ThreadPoolExecutor.runWorker(ThreadPoolExecutor.java:1130)
at java.base/java.util.concurrent.ThreadPoolExecutor$Worker.run(ThreadPoolExecutor.java:630)
at java.base/java.lang.Thread.run(Thread.java:831)
]]>
    </failure>
  </testcase> <!-- B2B1104_TC01 -->
  <testcase classname="CommitteeTestscripts.CommitteeTestscripts" name="B2B1104_TC02" time="215.929"/>
  <testcase classname="CommitteeTestscripts.CommitteeTestscripts" name="B2B1104_TC03" time="557.864">
    <failure type="java.lang.Exception" message="Click on view all link not found in page!!">
      <![CDATA[java.lang.Exception: Click on view all link not found in page!!
at ICar.support.BrowserActions.javascriptClick(BrowserActions.java:305)
at ICar.Pages.SalesForcePages.clickCommitteeGoalFilesViewAllLink(SalesForcePages.java:32940)
at CommitteeTestscripts.CommitteeTestscripts.B2B1104_TC03(CommitteeTestscripts.java:1811)
at java.base/jdk.internal.reflect.NativeMethodAccessorImpl.invoke0(Native Method)
at java.base/jdk.internal.reflect.NativeMethodAccessorImpl.invoke(NativeMethodAccessorImpl.java:78)
at java.base/jdk.internal.reflect.DelegatingMethodAccessorImpl.invoke(DelegatingMethodAccessorImpl.java:43)
at java.base/java.lang.reflect.Method.invoke(Method.java:567)
at org.testng.internal.invokers.MethodInvocationHelper.invokeMethod(MethodInvocationHelper.java:139)
at org.testng.internal.invokers.TestInvoker.invokeMethod(TestInvoker.java:664)
at org.testng.internal.invokers.TestInvoker.invokeTestMethod(TestInvoker.java:227)
at org.testng.internal.invokers.TestMethodWithDataProviderMethodWorker.call(TestMethodWithDataProviderMethodWorker.java:80)
at org.testng.internal.invokers.TestMethodWithDataProviderMethodWorker.call(TestMethodWithDataProviderMethodWorker.java:17)
at java.base/java.util.concurrent.FutureTask.run(FutureTask.java:264)
at java.base/java.util.concurrent.Executors$RunnableAdapter.call(Executors.java:515)
at java.base/java.util.concurrent.FutureTask.run(FutureTask.java:264)
at java.base/java.util.concurrent.ThreadPoolExecutor.runWorker(ThreadPoolExecutor.java:1130)
at java.base/java.util.concurrent.ThreadPoolExecutor$Worker.run(ThreadPoolExecutor.java:630)
at java.base/java.lang.Thread.run(Thread.java:831)
]]>
    </failure>
  </testcase> <!-- B2B1104_TC03 -->
</testsuite> <!-- CommitteeTestscripts -->
